[STUDENT THREAD] Student 1 is coming!
[STUDENT THREAD] Student 1 wakes up TA!
[STUDENT THREAD] student 1 done with work going bye
[TA THREAD] No students waiting. TA goes back to sleep.
[STUDENT THREAD] Student 2 is coming!
[STUDENT THREAD] Student 2 wakes up TA!
[STUDENT THREAD] student 2 done with work going bye
[TA THREAD] No students waiting. TA goes back to sleep.
[STUDENT THREAD] Student 3 is coming!
[STUDENT THREAD] Student 3 wakes up TA!
[STUDENT THREAD] student 3 done with work going bye
[STUDENT THREAD] Student 4 is coming!
[STUDENT THREAD] Student 4 is seated on a waiting chair. Waiting students = 1
[STUDENT THREAD] Student 5 is coming!
[STUDENT THREAD] Student 5 is seated on a waiting chair. Waiting students = 2
[TA THREAD] TA is helping a student...
[TA THREAD] TA is done helping a student!
[TA THREAD] TA is done helping a student!
[TA THREAD] Waiting students = 1
[TA THREAD] TA is helping a student...
[TA THREAD] TA is done helping a student!
[TA THREAD] TA is done helping a student!
[TA THREAD] Waiting students = 0
[TA THREAD] No students waiting. TA goes back to sleep.
[STUDENT THREAD] Student 8 is coming!
[STUDENT THREAD] Student 8 wakes up TA!
[STUDENT THREAD] student 8 done with work going bye
[TA THREAD] No students waiting. TA goes back to sleep.
[STUDENT THREAD] Student 9 is coming!
[STUDENT THREAD] Student 9 wakes up TA!
[STUDENT THREAD] student 9 done with work going bye
[STUDENT THREAD] Student 11 is coming!
[STUDENT THREAD] Student 11 is seated on a waiting chair. Waiting students = 1
[STUDENT THREAD] Student 12 is coming!
[STUDENT THREAD] Student 12 is seated on a waiting chair. Waiting students = 2
[STUDENT THREAD] Student 13 is coming!
[STUDENT THREAD] Student 13 finds no chairs available and will come back later.
[STUDENT THREAD] Student 14 is coming!
[STUDENT THREAD] Student 14 finds no chairs available and will come back later.
[STUDENT THREAD] Student 15 is coming!
[STUDENT THREAD] Student 15 finds no chairs available and will come back later.
[STUDENT THREAD] Student 16 is coming!
[STUDENT THREAD] Student 16 finds no chairs available and will come back later.
[STUDENT THREAD] Student 17 is coming!
[STUDENT THREAD] Student 17 finds no chairs available and will come back later.
[STUDENT THREAD] Student 17 is coming!
[STUDENT THREAD] Student 17 finds no chairs available and will come back later.
[STUDENT THREAD] Student 19 is coming!
[STUDENT THREAD] Student 19 finds no chairs available and will come back later.
[STUDENT THREAD] Student 20 is coming!
[STUDENT THREAD] Student 20 finds no chairs available and will come back later.
[STUDENT THREAD] Student 21 is coming!
[STUDENT THREAD] Student 21 finds no chairs available and will come back later.
[STUDENT THREAD] Student 22 is coming!
[STUDENT THREAD] Student 22 finds no chairs available and will come back later.
[STUDENT THREAD] Student 23 is coming!
[STUDENT THREAD] Student 23 finds no chairs available and will come back later.
[STUDENT THREAD] Student 24 is coming!
[STUDENT THREAD] Student 24 finds no chairs available and will come back later.
[STUDENT THREAD] Student 25 is coming!
[STUDENT THREAD] Student 25 finds no chairs available and will come back later.
[STUDENT THREAD] Student 25 is coming!
[STUDENT THREAD] Student 25 finds no chairs available and will come back later.
[STUDENT THREAD] Student 26 is coming!
[STUDENT THREAD] Student 26 finds no chairs available and will come back later.
[STUDENT THREAD] Student 27 is coming!
[STUDENT THREAD] Student 27 finds no chairs available and will come back later.
[STUDENT THREAD] Student 28 is coming!
[STUDENT THREAD] Student 28 finds no chairs available and will come back later.
[STUDENT THREAD] Student 29 is coming!
[STUDENT THREAD] Student 29 finds no chairs available and will come back later.
[STUDENT THREAD] Student 30 is coming!
[STUDENT THREAD] Student 30 finds no chairs available and will come back later.
[STUDENT THREAD] Student 31 is coming!
[STUDENT THREAD] Student 31 finds no chairs available and will come back later.
[STUDENT THREAD] Student 32 is coming!
[STUDENT THREAD] Student 32 finds no chairs available and will come back later.
[STUDENT THREAD] Student 32 is coming!
[STUDENT THREAD] Student 32 finds no chairs available and will come back later.
[STUDENT THREAD] Student 33 is coming!
[STUDENT THREAD] Student 33 finds no chairs available and will come back later.
[STUDENT THREAD] Student 34 is coming!
[STUDENT THREAD] Student 34 finds no chairs available and will come back later.
[STUDENT THREAD] Student 35 is coming!
[STUDENT THREAD] Student 35 finds no chairs available and will come back later.
[STUDENT THREAD] Student 7 is coming!
[STUDENT THREAD] Student 7 finds no chairs available and will come back later.
[TA THREAD] TA is helping a student...
[TA THREAD] TA is done helping a student!
[TA THREAD] TA is done helping a student!
[TA THREAD] Waiting students = 1
[TA THREAD] TA is helping a student...
[TA THREAD] TA is done helping a student!
[TA THREAD] TA is done helping a student!
[TA THREAD] Waiting students = 0
[TA THREAD] No students waiting. TA goes back to sleep.
[STUDENT THREAD] Student 18 is coming!
[STUDENT THREAD] Student 18 wakes up TA!
[STUDENT THREAD] student 18 done with work going bye
[TA THREAD] No students waiting. TA goes back to sleep.
[STUDENT THREAD] Student 6 is coming!
[STUDENT THREAD] Student 6 wakes up TA!
[STUDENT THREAD] student 6 done with work going bye
[TA THREAD] No students waiting. TA goes back to sleep.
[STUDENT THREAD] Student 7 is coming!
[STUDENT THREAD] Student 7 wakes up TA!
[STUDENT THREAD] student 7 done with work going bye
[TA THREAD] No students waiting. TA goes back to sleep.
[STUDENT THREAD] Student 20 is coming!
[STUDENT THREAD] Student 20 wakes up TA!
[STUDENT THREAD] student 20 done with work going bye
[STUDENT THREAD] Student 15 is coming!
[STUDENT THREAD] Student 15 is seated on a waiting chair. Waiting students = 1
[STUDENT THREAD] Student 14 is coming!
[STUDENT THREAD] Student 14 is seated on a waiting chair. Waiting students = 2
[STUDENT THREAD] Student 13 is coming!
[STUDENT THREAD] Student 13 finds no chairs available and will come back later.
[STUDENT THREAD] Student 17 is coming!
[STUDENT THREAD] Student 17 finds no chairs available and will come back later.
[STUDENT THREAD] Student 22 is coming!
[STUDENT THREAD] Student 22 finds no chairs available and will come back later.
[STUDENT THREAD] Student 25 is coming!
[STUDENT THREAD] Student 25 finds no chairs available and will come back later.
[STUDENT THREAD] Student 19 is coming!
[STUDENT THREAD] Student 19 finds no chairs available and will come back later.
[STUDENT THREAD] Student 30 is coming!
[STUDENT THREAD] Student 30 finds no chairs available and will come back later.
[STUDENT THREAD] Student 30 is coming!
[STUDENT THREAD] Student 30 finds no chairs available and will come back later.
[STUDENT THREAD] Student 35 is coming!
[STUDENT THREAD] Student 35 finds no chairs available and will come back later.
[STUDENT THREAD] Student 24 is coming!
[STUDENT THREAD] Student 24 finds no chairs available and will come back later.
[STUDENT THREAD] Student 28 is coming!
[STUDENT THREAD] Student 28 finds no chairs available and will come back later.
[STUDENT THREAD] Student 29 is coming!
[STUDENT THREAD] Student 29 finds no chairs available and will come back later.
[STUDENT THREAD] Student 33 is coming!
[STUDENT THREAD] Student 33 finds no chairs available and will come back later.
[STUDENT THREAD] Student 26 is coming!
[STUDENT THREAD] Student 26 finds no chairs available and will come back later.
[STUDENT THREAD] Student 21 is coming!
[STUDENT THREAD] Student 21 finds no chairs available and will come back later.
[STUDENT THREAD] Student 27 is coming!
[STUDENT THREAD] Student 27 finds no chairs available and will come back later.
[STUDENT THREAD] Student 31 is coming!
[STUDENT THREAD] Student 31 finds no chairs available and will come back later.
[STUDENT THREAD] Student 10 is coming!
[STUDENT THREAD] Student 10 finds no chairs available and will come back later.
[STUDENT THREAD] Student 16 is coming!
[STUDENT THREAD] Student 16 finds no chairs available and will come back later.
[STUDENT THREAD] Student 32 is coming!
[STUDENT THREAD] Student 32 finds no chairs available and will come back later.
[TA THREAD] TA is helping a student...
[TA THREAD] TA is done helping a student!
[TA THREAD] TA is done helping a student!
[TA THREAD] Waiting students = 1
[TA THREAD] TA is helping a student...
[TA THREAD] TA is done helping a student!
[TA THREAD] TA is done helping a student!
[TA THREAD] Waiting students = 0
[TA THREAD] No students waiting. TA goes back to sleep.
[STUDENT THREAD] Student 34 is coming!
[STUDENT THREAD] Student 34 wakes up TA!
[STUDENT THREAD] student 34 done with work going bye
[TA THREAD] No students waiting. TA goes back to sleep.
[STUDENT THREAD] Student 24 is coming!
[STUDENT THREAD] Student 24 wakes up TA!
[STUDENT THREAD] student 24 done with work going bye
[STUDENT THREAD] Student 19 is coming!
[STUDENT THREAD] Student 19 is seated on a waiting chair. Waiting students = 1
[STUDENT THREAD] Student 21 is coming!
[STUDENT THREAD] Student 21 is seated on a waiting chair. Waiting students = 2
[STUDENT THREAD] Student 10 is coming!
[STUDENT THREAD] Student 10 finds no chairs available and will come back later.
[STUDENT THREAD] Student 22 is coming!
[STUDENT THREAD] Student 22 finds no chairs available and will come back later.
[STUDENT THREAD] Student 28 is coming!
[STUDENT THREAD] Student 28 finds no chairs available and will come back later.
[STUDENT THREAD] Student 29 is coming!
[STUDENT THREAD] Student 29 finds no chairs available and will come back later.
[STUDENT THREAD] Student 27 is coming!
[STUDENT THREAD] Student 27 finds no chairs available and will come back later.
[STUDENT THREAD] Student 32 is coming!
[STUDENT THREAD] Student 32 finds no chairs available and will come back later.
[STUDENT THREAD] Student 35 is coming!
[STUDENT THREAD] Student 35 finds no chairs available and will come back later.
[STUDENT THREAD] Student 26 is coming!
[STUDENT THREAD] Student 26 finds no chairs available and will come back later.
[STUDENT THREAD] Student 16 is coming!
[STUDENT THREAD] Student 16 finds no chairs available and will come back later.
[STUDENT THREAD] Student 13 is coming!
[STUDENT THREAD] Student 13 finds no chairs available and will come back later.
[STUDENT THREAD] Student 25 is coming!
[STUDENT THREAD] Student 25 finds no chairs available and will come back later.
[STUDENT THREAD] Student 25 is coming!
[STUDENT THREAD] Student 25 finds no chairs available and will come back later.
[STUDENT THREAD] Student 17 is coming!
[STUDENT THREAD] Student 17 finds no chairs available and will come back later.
[STUDENT THREAD] Student 33 is coming!
[STUDENT THREAD] Student 33 finds no chairs available and will come back later.
[STUDENT THREAD] Student 31 is coming!
[STUDENT THREAD] Student 31 finds no chairs available and will come back later.
[STUDENT THREAD] Student 23 is coming!
[STUDENT THREAD] Student 23 finds no chairs available and will come back later.
[TA THREAD] TA is helping a student...
[TA THREAD] TA is done helping a student!
[TA THREAD] TA is done helping a student!
[TA THREAD] Waiting students = 1
[TA THREAD] TA is helping a student...
[TA THREAD] TA is done helping a student!
[TA THREAD] TA is done helping a student!
[TA THREAD] Waiting students = 0
[TA THREAD] No students waiting. TA goes back to sleep.
[STUDENT THREAD] Student 27 is coming!
[STUDENT THREAD] Student 27 wakes up TA!
[STUDENT THREAD] student 27 done with work going bye
[TA THREAD] No students waiting. TA goes back to sleep.
[STUDENT THREAD] Student 32 is coming!
[STUDENT THREAD] Student 32 wakes up TA!
[STUDENT THREAD] student 32 done with work going bye
[TA THREAD] No students waiting. TA goes back to sleep.
[STUDENT THREAD] Student 17 is coming!
[STUDENT THREAD] Student 17 wakes up TA!
[STUDENT THREAD] student 17 done with work going bye
[STUDENT THREAD] Student 26 is coming!
[STUDENT THREAD] Student 26 is seated on a waiting chair. Waiting students = 1
[STUDENT THREAD] Student 28 is coming!
[STUDENT THREAD] Student 28 is seated on a waiting chair. Waiting students = 2
[STUDENT THREAD] Student 22 is coming!
[STUDENT THREAD] Student 22 finds no chairs available and will come back later.
[STUDENT THREAD] Student 13 is coming!
[STUDENT THREAD] Student 13 finds no chairs available and will come back later.
[STUDENT THREAD] Student 29 is coming!
[STUDENT THREAD] Student 29 finds no chairs available and will come back later.
[STUDENT THREAD] Student 35 is coming!
[STUDENT THREAD] Student 35 finds no chairs available and will come back later.
[STUDENT THREAD] Student 10 is coming!
[STUDENT THREAD] Student 10 finds no chairs available and will come back later.
[STUDENT THREAD] Student 16 is coming!
[STUDENT THREAD] Student 16 finds no chairs available and will come back later.
[STUDENT THREAD] Student 33 is coming!
[STUDENT THREAD] Student 33 finds no chairs available and will come back later.
[STUDENT THREAD] Student 23 is coming!
[STUDENT THREAD] Student 23 finds no chairs available and will come back later.
[STUDENT THREAD] Student 30 is coming!
[STUDENT THREAD] Student 30 finds no chairs available and will come back later.
[STUDENT THREAD] Student 25 is coming!
[STUDENT THREAD] Student 25 finds no chairs available and will come back later.
[TA THREAD] TA is helping a student...
[TA THREAD] TA is done helping a student!
[TA THREAD] TA is done helping a student!
[TA THREAD] Waiting students = 1
[TA THREAD] TA is helping a student...
[TA THREAD] TA is done helping a student!
[TA THREAD] TA is done helping a student!
[TA THREAD] Waiting students = 0
[TA THREAD] No students waiting. TA goes back to sleep.
[STUDENT THREAD] Student 22 is coming!
[STUDENT THREAD] Student 22 wakes up TA!
[STUDENT THREAD] student 22 done with work going bye
[TA THREAD] No students waiting. TA goes back to sleep.
[STUDENT THREAD] Student 30 is coming!
[STUDENT THREAD] Student 30 wakes up TA!
[STUDENT THREAD] student 30 done with work going bye
[TA THREAD] No students waiting. TA goes back to sleep.
[STUDENT THREAD] Student 33 is coming!
[STUDENT THREAD] Student 33 wakes up TA!
[STUDENT THREAD] student 33 done with work going bye
[TA THREAD] No students waiting. TA goes back to sleep.
[STUDENT THREAD] Student 13 is coming!
[STUDENT THREAD] Student 13 wakes up TA!
[STUDENT THREAD] student 13 done with work going bye
[TA THREAD] No students waiting. TA goes back to sleep.
[STUDENT THREAD] Student 23 is coming!
[STUDENT THREAD] Student 23 wakes up TA!
[STUDENT THREAD] student 23 done with work going bye
[TA THREAD] No students waiting. TA goes back to sleep.
[STUDENT THREAD] Student 35 is coming!
[STUDENT THREAD] Student 35 wakes up TA!
[STUDENT THREAD] student 35 done with work going bye
[STUDENT THREAD] Student 29 is coming!
[STUDENT THREAD] Student 29 is seated on a waiting chair. Waiting students = 1
[STUDENT THREAD] Student 25 is coming!
[STUDENT THREAD] Student 25 is seated on a waiting chair. Waiting students = 2
[STUDENT THREAD] Student 16 is coming!
[STUDENT THREAD] Student 16 finds no chairs available and will come back later.
[STUDENT THREAD] Student 10 is coming!
[STUDENT THREAD] Student 10 finds no chairs available and will come back later.
[STUDENT THREAD] Student 31 is coming!
[STUDENT THREAD] Student 31 finds no chairs available and will come back later.
[TA THREAD] TA is helping a student...
[TA THREAD] TA is done helping a student!
[TA THREAD] TA is done helping a student!
[TA THREAD] Waiting students = 1
[TA THREAD] TA is helping a student...
[TA THREAD] TA is done helping a student!
[TA THREAD] TA is done helping a student!
[TA THREAD] Waiting students = 0
[TA THREAD] No students waiting. TA goes back to sleep.
[STUDENT THREAD] Student 16 is coming!
[STUDENT THREAD] Student 16 wakes up TA!
[STUDENT THREAD] student 16 done with work going bye
[TA THREAD] No students waiting. TA goes back to sleep.
[STUDENT THREAD] Student 31 is coming!
[STUDENT THREAD] Student 31 wakes up TA!
[STUDENT THREAD] student 31 done with work going bye
[TA THREAD] No students waiting. TA goes back to sleep.
[STUDENT THREAD] Student 10 is coming!
[STUDENT THREAD] Student 10 wakes up TA!
[STUDENT THREAD] student 10 done with work going bye
[TA THREAD] No students waiting. TA goes back to sleep.
[TA THREAD] No students waiting. TA goes back to sleep.
[TA THREAD] No students for 10 seconds. TA is exiting.
